<?xml version="1.0" encoding="UTF-8"?>
<testng-results skipped="0" failed="0" total="1" passed="1">
  <reporter-output>
  </reporter-output>
  <suite name="Default suite" duration-ms="2618" started-at="2019-09-05T11:54:19Z" finished-at="2019-09-05T11:54:22Z">
    <groups>
    </groups>
    <test name="Default test" duration-ms="2618" started-at="2019-09-05T11:54:19Z" finished-at="2019-09-05T11:54:22Z">
      <class name="com.akshay.restassured.TestGet">
        <test-method status="PASS" signature="tc_01()[pri:0, instance:com.akshay.restassured.TestGet@4563e9ab]" name="tc_01" duration-ms="2592" started-at="2019-09-05T17:24:19Z" finished-at="2019-09-05T17:24:22Z">
          <reporter-output>
          </reporter-output>
        </test-method> <!-- tc_01 -->
      </class> <!-- com.akshay.restassured.TestGet -->
    </test> <!-- Default test -->
  </suite> <!-- Default suite -->
</testng-results>
